<?xml version="1.0" encoding="UTF-8"?>
<!-- Generated by org.testng.reporters.JUnitXMLReporter -->
<testsuite ignored="0" hostname="selenium7" failures="0" tests="3" name="Default test" time="3.587" errors="0" timestamp="2024-12-21T16:22:14 IST">
  <testcase classname="testscript.PlaceOrderTest" name="loginTest" time="0.844"/>
  <testcase classname="testscript.PlaceOrderTest" name="addItemTest" time="0.678"/>
  <testcase classname="testscript.PlaceOrderTest" name="checkOutTest" time="1.223"/>
</testsuite> <!-- Default test -->
