<?xml version="1.0" encoding="UTF-8"?>
<testng-results ignored="0" total="3" passed="3" failed="0" skipped="0">
  <reporter-output>
  </reporter-output>
  <suite started-at="2024-12-21T16:22:10 IST" name="Default suite" finished-at="2024-12-21T16:22:14 IST" duration-ms="3587">
    <groups>
    </groups>
    <test started-at="2024-12-21T16:22:10 IST" name="Default test" finished-at="2024-12-21T16:22:14 IST" duration-ms="3587">
      <class name="testscript.PlaceOrderTest">
        <test-method is-config="true" signature="setup()[pri:0, instance:testscript.PlaceOrderTest@7db534f2]" started-at="2024-12-21T16:22:10 IST" name="setup" finished-at="2024-12-21T16:22:11 IST" duration-ms="712" status="PASS">
          <reporter-output>
          </reporter-output>
        </test-method> <!-- setup -->
        <test-method signature="loginTest()[pri:1, instance:testscript.PlaceOrderTest@7db534f2]" started-at="2024-12-21T16:22:11 IST" name="loginTest" finished-at="2024-12-21T16:22:12 IST" duration-ms="844" status="PASS">
          <reporter-output>
          </reporter-output>
        </test-method> <!-- loginTest -->
        <test-method signature="addItemTest()[pri:2, instance:testscript.PlaceOrderTest@7db534f2]" started-at="2024-12-21T16:22:12 IST" name="addItemTest" finished-at="2024-12-21T16:22:13 IST" duration-ms="678" status="PASS">
          <reporter-output>
          </reporter-output>
        </test-method> <!-- addItemTest -->
        <test-method signature="checkOutTest()[pri:3, instance:testscript.PlaceOrderTest@7db534f2]" started-at="2024-12-21T16:22:13 IST" name="checkOutTest" finished-at="2024-12-21T16:22:14 IST" duration-ms="1223" status="PASS">
          <reporter-output>
          </reporter-output>
        </test-method> <!-- checkOutTest -->
      </class> <!-- testscript.PlaceOrderTest -->
    </test> <!-- Default test -->
  </suite> <!-- Default suite -->
</testng-results>
